[debug] [2024-12-15T08:42:13.496Z] ----------------------------------------------------------------------
[debug] [2024-12-15T08:42:13.508Z] Command:       C:\Program Files\nodejs\node.exe C:\Users\NADER\AppData\Roaming\npm\node_modules\firebase-tools\lib\bin\firebase.js init hosting
[debug] [2024-12-15T08:42:13.510Z] CLI Version:   13.29.1
[debug] [2024-12-15T08:42:13.511Z] Platform:      win32
[debug] [2024-12-15T08:42:13.511Z] Node Version:  v20.16.0
[debug] [2024-12-15T08:42:13.512Z] Time:          Sun Dec 15 2024 11:42:13 GMT+0300 (غرينتش+٠٣:٠٠)
[debug] [2024-12-15T08:42:13.513Z] ----------------------------------------------------------------------
[debug] 
[debug] [2024-12-15T08:42:13.526Z] >>> [apiv2][query] GET https://firebase-public.firebaseio.com/cli.json [none]
[debug] [2024-12-15T08:42:13.888Z] > command requires scopes: ["email","openid","https://www.googleapis.com/auth/cloudplatformprojects.readonly","https://www.googleapis.com/auth/firebase","https://www.googleapis.com/auth/cloud-platform"]
[debug] [2024-12-15T08:42:13.895Z] > authorizing via signed-in user (eeli56315@gmail.com)
[info] 
     ######## #### ########  ######## ########     ###     ######  ########
     ##        ##  ##     ## ##       ##     ##  ##   ##  ##       ##
     ######    ##  ########  ######   ########  #########  ######  ######
     ##        ##  ##    ##  ##       ##     ## ##     ##       ## ##
     ##       #### ##     ## ######## ########  ##     ##  ######  ########

You're about to initialize a Firebase project in this directory:

  D:\Daher.net Google api

[debug] [2024-12-15T08:42:14.256Z] *** [apiv2] error from fetch(https://firebase-public.firebaseio.com/cli.json, {"headers":{},"method":"GET"}): FetchError: request to https://firebase-public.firebaseio.com/cli.json failed, reason: Client network socket disconnected before secure TLS connection was established
[warn] !  Unable to fetch the CLI MOTD and remote config. This is not a fatal error, but may indicate an issue with your network connection. 
[debug] [2024-12-15T08:42:14.261Z] Failed to fetch MOTD FirebaseError: Failed to make request to https://firebase-public.firebaseio.com/cli.json
[info] 
=== Project Setup
[info] 
[info] First, let's associate this project directory with a Firebase project.
[info] You can create multiple project aliases by running firebase use --add, 
[info] but for now we'll just set up a default project.
[info] 
[debug] [2024-12-15T08:42:49.175Z] Checked if tokens are valid: false, expires at: 1734207645093
[debug] [2024-12-15T08:42:49.176Z] Checked if tokens are valid: false, expires at: 1734207645093
[debug] [2024-12-15T08:42:49.178Z] > refreshing access token with scopes: []
[debug] [2024-12-15T08:42:49.191Z] >>> [apiv2][query] POST https://www.googleapis.com/oauth2/v3/token [none]
[debug] [2024-12-15T08:42:49.192Z] >>> [apiv2][body] POST https://www.googleapis.com/oauth2/v3/token [omitted]
[debug] [2024-12-15T08:42:49.995Z] <<< [apiv2][status] POST https://www.googleapis.com/oauth2/v3/token 200
[debug] [2024-12-15T08:42:49.997Z] <<< [apiv2][body] POST https://www.googleapis.com/oauth2/v3/token [omitted]
[debug] [2024-12-15T08:42:50.036Z] >>> [apiv2][query] GET https://firebase.googleapis.com/v1beta1/projects pageSize=100
[debug] [2024-12-15T08:42:50.530Z] <<< [apiv2][status] GET https://firebase.googleapis.com/v1beta1/projects 403
[debug] [2024-12-15T08:42:50.531Z] <<< [apiv2][body] GET https://firebase.googleapis.com/v1beta1/projects [omitted]
[debug] [2024-12-15T08:42:50.533Z] Unable to parse JSON: SyntaxError: Unexpected token '<', "<!DOCTYPE "... is not valid JSON
[debug] [2024-12-15T08:42:50.941Z] FirebaseError: Unable to parse JSON: SyntaxError: Unexpected token '<', "<!DOCTYPE "... is not valid JSON
    at RetryOperation._fn (C:\Users\NADER\AppData\Roaming\npm\node_modules\firebase-tools\lib\apiv2.js:279:39)
    at process.processTicksAndRejections (node:internal/process/task_queues:95:5)
[error] 
[error] Error: Failed to list Firebase projects. See firebase-debug.log for more info.
